#
# A fatal error has been detected by the Java Runtime Environment:
#
#  EXCEPTION_PRIV_INSTRUCTION (0xc0000096) at pc=0x000001ef0d408c77, pid=6916, tid=17220
#
# JRE version: Java(TM) SE Runtime Environment 18.9 (11.0.11+9) (build 11.0.11+9-LTS-194)
# Java VM: Java HotSpot(TM) 64-Bit Server VM 18.9 (11.0.11+9-LTS-194, mixed mode, tiered, compressed oops, g1 gc, windows-amd64)
# Problematic frame:
# j  com.milestone.project.models.NoteAccAccess.get(Ljava/lang/Object;I)Ljava/lang/Object;+-946092312
#
# No core dump will be written. Minidumps are not enabled by default on client versions of Windows
#
# If you would like to submit a bug report, please visit:
#   https://bugreport.java.com/bugreport/crash.jsp
#

---------------  S U M M A R Y ------------

Command Line: -XX:TieredStopAtLevel=1 -Xverify:none -Dspring.output.ansi.enabled=always -javaagent:C:\Users\onurb\AppData\Local\JetBrains\Toolbox\apps\IDEA-U\ch-0\212.5284.40\lib\idea_rt.jar=53508:C:\Users\onurb\AppData\Local\JetBrains\Toolbox\apps\IDEA-U\ch-0\212.5284.40\bin -Dcom.sun.management.jmxremote -Dspring.jmx.enabled=true -Dspring.liveBeansView.mbeanDomain -Dspring.application.admin.enabled=true -Dfile.encoding=UTF-8 com.milestone.project.ProjectApplication

Host: Intel(R) Core(TM) i7-7700HQ CPU @ 2.80GHz, 8 cores, 31G,  Windows 10 , 64 bit Build 19041 (10.0.19041.1202)
Time: Mon Oct  4 14:45:45 2021 US Mountain Standard Time elapsed time: 8.813655 seconds (0d 0h 0m 8s)

---------------  T H R E A D  ---------------

Current thread (0x000001ef36bf6000):  JavaThread "http-nio-8080-exec-1" daemon [_thread_in_Java, id=17220, stack(0x000000bef7d00000,0x000000bef7e00000)]

Stack: [0x000000bef7d00000,0x000000bef7e00000],  sp=0x000000bef7dfcd80,  free space=1011k
Native frames: (J=compiled Java code, j=interpreted, Vv=VM code, C=native code)
C  0x000001ef0d408c77


siginfo: EXCEPTION_PRIV_INSTRUCTION (0xc0000096)


Register to memory mapping:

RIP=0x000001ef0d408c77 is at code_begin+55 in an Interpreter codelet
error exits  [0x000001ef0d408c40, 0x000001ef0d408c80]  64 bytes
RAX=0x0 is NULL
RBX=0x00000000000000b0 is an unknown value
RCX=0x0 is NULL
RDX=0x0 is NULL
RSP=0x000000bef7dfcd80 is pointing into the stack for thread: 0x000001ef36bf6000
RBP=0x000000bef7dfcdc8 is pointing into the stack for thread: 0x000001ef36bf6000
RSI=0x0000000000000001 is an unknown value
RDI=0x0000000000000002 is an unknown value
R8 =0x0000000000000061 is an unknown value
R9 =0x0000000000000061 is an unknown value
R10=0x0 is NULL
R11=0x0000000000000061 is an unknown value
R12=0x0 is NULL
R13=0x000001ef386439d3 is pointing into metadata
R14=0x000000bef7dfcde8 is pointing into the stack for thread: 0x000001ef36bf6000
R15=0x000001ef36bf6000 is a thread


Registers:
RAX=0x0000000000000000, RBX=0x00000000000000b0, RCX=0x0000000000000000, RDX=0x0000000000000000
RSP=0x000000bef7dfcd80, RBP=0x000000bef7dfcdc8, RSI=0x0000000000000001, RDI=0x0000000000000002
R8 =0x0000000000000061, R9 =0x0000000000000061, R10=0x0000000000000000, R11=0x0000000000000061
R12=0x0000000000000000, R13=0x000001ef386439d3, R14=0x000000bef7dfcde8, R15=0x000001ef36bf6000
RIP=0x000001ef0d408c77, EFLAGS=0x0000000000010202

Top of Stack: (sp=0x000000bef7dfcd80)
0x000000bef7dfcd80:   000000bef7dfcd80 00000000000000b0
0x000000bef7dfcd90:   000000bef7dfcdc8 0000000000000001
0x000000bef7dfcda0:   0000000000000000 000000061802c6d0
0x000000bef7dfcdb0:   000001ef38643a08 0000000000000000
0x000000bef7dfcdc0:   000000bef7dfcdd8 000000bef7dfce38
0x000000bef7dfcdd0:   000001ef0d409e80 0000000000000000
0x000000bef7dfcde0:   0000000618447aa0 000000061802c990
0x000000bef7dfcdf0:   000000bef7dfcdf0 000001ef385f4f29
0x000000bef7dfce00:   000000bef7dfcea8 000001ef385f50a0
0x000000bef7dfce10:   0000000000000000 00000006185dd9b0
0x000000bef7dfce20:   000001ef385f5030 000000bef7dfcdd8
0x000000bef7dfce30:   000000bef7dfce90 000000bef7dfcef8
0x000000bef7dfce40:   000001ef0d40a16c 0000000000000000
0x000000bef7dfce50:   0000000000000000 000000061831fd20
0x000000bef7dfce60:   0000000000000000 0000000000000003
0x000000bef7dfce70:   0000000618327240 000000061802c990 

Instructions: (pc=0x000001ef0d408c77)
0x000001ef0d408c57:   00 41 ff d2 f4 48 b9 88 dc c8 59 f9 7f 00 00 48
0x000001ef0d408c67:   83 e4 f0 49 ba c0 4f 93 59 f9 7f 00 00 41 ff d2
0x000001ef0d408c77:   f4 00 00 00 00 00 00 00 00 60 0b 00 00 00 00 00
0x000001ef0d408c87:   00 b8 dc c8 59 f9 7f 00 00 ff ff ff ff 00 00 00 


Stack slot to memory mapping:
stack at sp + 0 slots: 0x000000bef7dfcd80 is pointing into the stack for thread: 0x000001ef36bf6000
stack at sp + 1 slots: 0x00000000000000b0 is an unknown value
stack at sp + 2 slots: 0x000000bef7dfcdc8 is pointing into the stack for thread: 0x000001ef36bf6000
stack at sp + 3 slots: 0x0000000000000001 is an unknown value
stack at sp + 4 slots: 0x0 is NULL
stack at sp + 5 slots: 0x000000061802c6d0 is an oop: java.lang.Class 
{0x000000061802c6d0} - klass: 'java/lang/Class'
stack at sp + 6 slots: {method} {0x000001ef38643a10} 'get' '(Ljava/lang/Object;I)Ljava/lang/Object;' in 'com/milestone/project/models/NoteAccAccess'
stack at sp + 7 slots: 0x0 is NULL

error exits  [0x000001ef0d408c40, 0x000001ef0d408c80]  64 bytes

---------------  P R O C E S S  ---------------

Threads class SMR info:
_java_thread_list=0x000001ef345cefd0, length=22, elements={
0x000001ef32ac3000, 0x000001ef32ac4000, 0x000001ef32b4d800, 0x000001ef32b4e800,
0x000001ef32b4f800, 0x000001ef32b59000, 0x000001ef32c8a000, 0x000001ef330e6000,
0x000001ef330ec000, 0x000001ef332d3000, 0x000001ef3456e800, 0x000001ef3458f800,
0x000001ef34aae800, 0x000001ef34aaf000, 0x000001ef34b0e800, 0x000001ef34b17000,
0x000001ef34e07800, 0x000001ef36bf0800, 0x000001ef36bf3800, 0x000001ef36bf5000,
0x000001ef36bf4800, 0x000001ef36bf6000
}

Java Threads: ( => current thread )
  0x000001ef32ac3000 JavaThread "Reference Handler" daemon [_thread_blocked, id=13328, stack(0x000000bef6100000,0x000000bef6200000)]
  0x000001ef32ac4000 JavaThread "Finalizer" daemon [_thread_blocked, id=18048, stack(0x000000bef6200000,0x000000bef6300000)]
  0x000001ef32b4d800 JavaThread "Signal Dispatcher" daemon [_thread_blocked, id=5592, stack(0x000000bef6300000,0x000000bef6400000)]
  0x000001ef32b4e800 JavaThread "Attach Listener" daemon [_thread_blocked, id=4556, stack(0x000000bef6400000,0x000000bef6500000)]
  0x000001ef32b4f800 JavaThread "C1 CompilerThread0" daemon [_thread_blocked, id=12096, stack(0x000000bef6500000,0x000000bef6600000)]
  0x000001ef32b59000 JavaThread "Sweeper thread" daemon [_thread_blocked, id=20440, stack(0x000000bef6600000,0x000000bef6700000)]
  0x000001ef32c8a000 JavaThread "Common-Cleaner" daemon [_thread_blocked, id=4940, stack(0x000000bef6700000,0x000000bef6800000)]
  0x000001ef330e6000 JavaThread "Monitor Ctrl-Break" daemon [_thread_in_native, id=24256, stack(0x000000bef6800000,0x000000bef6900000)]
  0x000001ef330ec000 JavaThread "Service Thread" daemon [_thread_blocked, id=14204, stack(0x000000bef6900000,0x000000bef6a00000)]
  0x000001ef332d3000 JavaThread "RMI TCP Accept-0" daemon [_thread_in_native, id=20700, stack(0x000000bef6a00000,0x000000bef6b00000)]
  0x000001ef3456e800 JavaThread "RMI TCP Connection(1)-172.29.160.1" daemon [_thread_in_native, id=22904, stack(0x000000bef7600000,0x000000bef7700000)]
  0x000001ef3458f800 JavaThread "RMI Scheduler(0)" daemon [_thread_blocked, id=5224, stack(0x000000bef7700000,0x000000bef7800000)]
  0x000001ef34aae800 JavaThread "Catalina-utility-1" [_thread_blocked, id=19888, stack(0x000000bef7400000,0x000000bef7500000)]
  0x000001ef34aaf000 JavaThread "Catalina-utility-2" [_thread_blocked, id=10636, stack(0x000000bef7800000,0x000000bef7900000)]
  0x000001ef34b0e800 JavaThread "container-0" [_thread_blocked, id=15208, stack(0x000000bef7900000,0x000000bef7a00000)]
  0x000001ef34b17000 JavaThread "mysql-cj-abandoned-connection-cleanup" daemon [_thread_blocked, id=6492, stack(0x000000bef7a00000,0x000000bef7b00000)]
  0x000001ef34e07800 JavaThread "HikariPool-1 housekeeper" daemon [_thread_blocked, id=1740, stack(0x000000bef7c00000,0x000000bef7d00000)]
  0x000001ef36bf0800 JavaThread "http-nio-8080-Poller" daemon [_thread_in_native, id=3132, stack(0x000000bef7e00000,0x000000bef7f00000)]
  0x000001ef36bf3800 JavaThread "http-nio-8080-Acceptor" daemon [_thread_in_native, id=784, stack(0x000000bef7f00000,0x000000bef8000000)]
  0x000001ef36bf5000 JavaThread "DestroyJavaVM" [_thread_blocked, id=16228, stack(0x000000bef5a00000,0x000000bef5b00000)]
  0x000001ef36bf4800 JavaThread "RMI TCP Connection(2)-172.29.160.1" daemon [_thread_in_native, id=472, stack(0x000000bef8000000,0x000000bef8100000)]
=>0x000001ef36bf6000 JavaThread "http-nio-8080-exec-1" daemon [_thread_in_Java, id=17220, stack(0x000000bef7d00000,0x000000bef7e00000)]

Other Threads:
  0x000001ef32ac1000 VMThread "VM Thread" [stack: 0x000000bef6000000,0x000000bef6100000] [id=9980]
  0x000001ef332d8000 WatcherThread [stack: 0x000000bef6b00000,0x000000bef6c00000] [id=23648]
  0x000001ef04f67800 GCTaskThread "GC Thread#0" [stack: 0x000000bef5b00000,0x000000bef5c00000] [id=20888]
  0x000001ef3412f800 GCTaskThread "GC Thread#1" [stack: 0x000000bef6c00000,0x000000bef6d00000] [id=19776]
  0x000001ef34114800 GCTaskThread "GC Thread#2" [stack: 0x000000bef6d00000,0x000000bef6e00000] [id=16808]
  0x000001ef3356c800 GCTaskThread "GC Thread#3" [stack: 0x000000bef6e00000,0x000000bef6f00000] [id=21816]
  0x000001ef3368e000 GCTaskThread "GC Thread#4" [stack: 0x000000bef6f00000,0x000000bef7000000] [id=16864]
  0x000001ef34134000 GCTaskThread "GC Thread#5" [stack: 0x000000bef7000000,0x000000bef7100000] [id=13256]
  0x000001ef33657000 GCTaskThread "GC Thread#6" [stack: 0x000000bef7100000,0x000000bef7200000] [id=21836]
  0x000001ef34134800 GCTaskThread "GC Thread#7" [stack: 0x000000bef7200000,0x000000bef7300000] [id=16852]
  0x000001ef04fe6000 ConcurrentGCThread "G1 Main Marker" [stack: 0x000000bef5c00000,0x000000bef5d00000] [id=17448]
  0x000001ef04fe9800 ConcurrentGCThread "G1 Conc#0" [stack: 0x000000bef5d00000,0x000000bef5e00000] [id=17508]
  0x000001ef34493800 ConcurrentGCThread "G1 Conc#1" [stack: 0x000000bef7500000,0x000000bef7600000] [id=15024]
  0x000001ef31bd6800 ConcurrentGCThread "G1 Refine#0" [stack: 0x000000bef5e00000,0x000000bef5f00000] [id=14080]
  0x000001ef34155800 ConcurrentGCThread "G1 Refine#1" [stack: 0x000000bef7300000,0x000000bef7400000] [id=11012]
  0x000001ef31bd8800 ConcurrentGCThread "G1 Young RemSet Sampling" [stack: 0x000000bef5f00000,0x000000bef6000000] [id=22992]

Threads with active compile tasks:

VM state:not at safepoint (normal execution)

VM Mutex/Monitor currently owned by a thread: None

Heap address: 0x0000000602000000, size: 8160 MB, Compressed Oops mode: Zero based, Oop shift amount: 3
Narrow klass base: 0x0000000800000000, Narrow klass shift: 0
Compressed class space size: 1073741824 Address: 0x0000000800000000

Heap:
 garbage-first heap   total 522240K, used 164215K [0x0000000602000000, 0x0000000800000000)
  region size 2048K, 79 young (161792K), 5 survivors (10240K)
 Metaspace       used 58074K, capacity 59891K, committed 60080K, reserved 1101824K
  class space    used 7488K, capacity 8182K, committed 8192K, reserved 1048576K
Heap Regions: E=young(eden), S=young(survivor), O=old, HS=humongous(starts), HC=humongous(continues), CS=collection set, F=free, A=archive, TAMS=top-at-mark-start (previous, next)
|   0|0x0000000602000000, 0x0000000602200000, 0x0000000602200000|100%| O|  |TAMS 0x0000000602200000, 0x0000000602000000| Untracked 
|   1|0x0000000602200000, 0x0000000602400000, 0x0000000602400000|100%| O|  |TAMS 0x0000000602400000, 0x0000000602200000| Untracked 
|   2|0x0000000602400000, 0x0000000602600000, 0x0000000602600000|100%| O|  |TAMS 0x0000000602600000, 0x0000000602400000| Untracked 
|   3|0x0000000602600000, 0x0000000602624200, 0x0000000602800000|  7%| O|  |TAMS 0x0000000602624200, 0x0000000602600000| Untracked 
|   4|0x0000000602800000, 0x0000000602800000, 0x0000000602a00000|  0%| F|  |TAMS 0x0000000602800000, 0x0000000602800000| Untracked 
|   5|0x0000000602a00000, 0x0000000602a00000, 0x0000000602c00000|  0%| F|  |TAMS 0x0000000602a00000, 0x0000000602a00000| Untracked 
|   6|0x0000000602c00000, 0x0000000602c00000, 0x0000000602e00000|  0%| F|  |TAMS 0x0000000602c00000, 0x0000000602c00000| Untracked 
|   7|0x0000000602e00000, 0x0000000602e00000, 0x0000000603000000|  0%| F|  |TAMS 0x0000000602e00000, 0x0000000602e00000| Untracked 
|   8|0x0000000603000000, 0x0000000603000000, 0x0000000603200000|  0%| F|  |TAMS 0x0000000603000000, 0x0000000603000000| Untracked 
|   9|0x0000000603200000, 0x0000000603200000, 0x0000000603400000|  0%| F|  |TAMS 0x0000000603200000, 0x0000000603200000| Untracked 
|  10|0x0000000603400000, 0x0000000603400000, 0x0000000603600000|  0%| F|  |TAMS 0x0000000603400000, 0x0000000603400000| Untracked 
|  11|0x0000000603600000, 0x0000000603600000, 0x0000000603800000|  0%| F|  |TAMS 0x0000000603600000, 0x0000000603600000| Untracked 
|  12|0x0000000603800000, 0x0000000603800000, 0x0000000603a00000|  0%| F|  |TAMS 0x0000000603800000, 0x0000000603800000| Untracked 
|  13|0x0000000603a00000, 0x0000000603a00000, 0x0000000603c00000|  0%| F|  |TAMS 0x0000000603a00000, 0x0000000603a00000| Untracked 
|  14|0x0000000603c00000, 0x0000000603c00000, 0x0000000603e00000|  0%| F|  |TAMS 0x0000000603c00000, 0x0000000603c00000| Untracked 
|  15|0x0000000603e00000, 0x0000000603e00000, 0x0000000604000000|  0%| F|  |TAMS 0x0000000603e00000, 0x0000000603e00000| Untracked 
|  16|0x0000000604000000, 0x0000000604000000, 0x0000000604200000|  0%| F|  |TAMS 0x0000000604000000, 0x0000000604000000| Untracked 
|  17|0x0000000604200000, 0x0000000604200000, 0x0000000604400000|  0%| F|  |TAMS 0x0000000604200000, 0x0000000604200000| Untracked 
|  18|0x0000000604400000, 0x0000000604400000, 0x0000000604600000|  0%| F|  |TAMS 0x0000000604400000, 0x0000000604400000| Untracked 
|  19|0x0000000604600000, 0x0000000604600000, 0x0000000604800000|  0%| F|  |TAMS 0x0000000604600000, 0x0000000604600000| Untracked 
|  20|0x0000000604800000, 0x0000000604800000, 0x0000000604a00000|  0%| F|  |TAMS 0x0000000604800000, 0x0000000604800000| Untracked 
|  21|0x0000000604a00000, 0x0000000604a00000, 0x0000000604c00000|  0%| F|  |TAMS 0x0000000604a00000, 0x0000000604a00000| Untracked 
|  22|0x0000000604c00000, 0x0000000604c00000, 0x0000000604e00000|  0%| F|  |TAMS 0x0000000604c00000, 0x0000000604c00000| Untracked 
|  23|0x0000000604e00000, 0x0000000604e00000, 0x0000000605000000|  0%| F|  |TAMS 0x0000000604e00000, 0x0000000604e00000| Untracked 
|  24|0x0000000605000000, 0x0000000605000000, 0x0000000605200000|  0%| F|  |TAMS 0x0000000605000000, 0x0000000605000000| Untracked 
|  25|0x0000000605200000, 0x0000000605200000, 0x0000000605400000|  0%| F|  |TAMS 0x0000000605200000, 0x0000000605200000| Untracked 
|  26|0x0000000605400000, 0x0000000605400000, 0x0000000605600000|  0%| F|  |TAMS 0x0000000605400000, 0x0000000605400000| Untracked 
|  27|0x0000000605600000, 0x0000000605600000, 0x0000000605800000|  0%| F|  |TAMS 0x0000000605600000, 0x0000000605600000| Untracked 
|  28|0x0000000605800000, 0x0000000605800000, 0x0000000605a00000|  0%| F|  |TAMS 0x0000000605800000, 0x0000000605800000| Untracked 
|  29|0x0000000605a00000, 0x0000000605a00000, 0x0000000605c00000|  0%| F|  |TAMS 0x0000000605a00000, 0x0000000605a00000| Untracked 
|  30|0x0000000605c00000, 0x0000000605c00000, 0x0000000605e00000|  0%| F|  |TAMS 0x0000000605c00000, 0x0000000605c00000| Untracked 
|  31|0x0000000605e00000, 0x0000000605e00000, 0x0000000606000000|  0%| F|  |TAMS 0x0000000605e00000, 0x0000000605e00000| Untracked 
|  32|0x0000000606000000, 0x0000000606000000, 0x0000000606200000|  0%| F|  |TAMS 0x0000000606000000, 0x0000000606000000| Untracked 
|  33|0x0000000606200000, 0x0000000606200000, 0x0000000606400000|  0%| F|  |TAMS 0x0000000606200000, 0x0000000606200000| Untracked 
|  34|0x0000000606400000, 0x0000000606400000, 0x0000000606600000|  0%| F|  |TAMS 0x0000000606400000, 0x0000000606400000| Untracked 
|  35|0x0000000606600000, 0x0000000606600000, 0x0000000606800000|  0%| F|  |TAMS 0x0000000606600000, 0x0000000606600000| Untracked 
|  36|0x0000000606800000, 0x0000000606800000, 0x0000000606a00000|  0%| F|  |TAMS 0x0000000606800000, 0x0000000606800000| Untracked 
|  37|0x0000000606a00000, 0x0000000606a00000, 0x0000000606c00000|  0%| F|  |TAMS 0x0000000606a00000, 0x0000000606a00000| Untracked 
|  38|0x0000000606c00000, 0x0000000606c00000, 0x0000000606e00000|  0%| F|  |TAMS 0x0000000606c00000, 0x0000000606c00000| Untracked 
|  39|0x0000000606e00000, 0x0000000606e00000, 0x0000000607000000|  0%| F|  |TAMS 0x0000000606e00000, 0x0000000606e00000| Untracked 
|  40|0x0000000607000000, 0x0000000607000000, 0x0000000607200000|  0%| F|  |TAMS 0x0000000607000000, 0x0000000607000000| Untracked 
|  41|0x0000000607200000, 0x0000000607200000, 0x0000000607400000|  0%| F|  |TAMS 0x0000000607200000, 0x0000000607200000| Untracked 
|  42|0x0000000607400000, 0x0000000607400000, 0x0000000607600000|  0%| F|  |TAMS 0x0000000607400000, 0x0000000607400000| Untracked 
|  43|0x0000000607600000, 0x0000000607600000, 0x0000000607800000|  0%| F|  |TAMS 0x0000000607600000, 0x0000000607600000| Untracked 
|  44|0x0000000607800000, 0x0000000607800000, 0x0000000607a00000|  0%| F|  |TAMS 0x0000000607800000, 0x0000000607800000| Untracked 
|  45|0x0000000607a00000, 0x0000000607a00000, 0x0000000607c00000|  0%| F|  |TAMS 0x0000000607a00000, 0x0000000607a00000| Untracked 
|  46|0x0000000607c00000, 0x0000000607c00000, 0x0000000607e00000|  0%| F|  |TAMS 0x0000000607c00000, 0x0000000607c00000| Untracked 
|  47|0x0000000607e00000, 0x0000000607e00000, 0x0000000608000000|  0%| F|  |TAMS 0x0000000607e00000, 0x0000000607e00000| Untracked 
|  48|0x0000000608000000, 0x0000000608000000, 0x0000000608200000|  0%| F|  |TAMS 0x0000000608000000, 0x0000000608000000| Untracked 
|  49|0x0000000608200000, 0x0000000608200000, 0x0000000608400000|  0%| F|  |TAMS 0x0000000608200000, 0x0000000608200000| Untracked 
|  50|0x0000000608400000, 0x0000000608400000, 0x0000000608600000|  0%| F|  |TAMS 0x0000000608400000, 0x0000000608400000| Untracked 
|  51|0x0000000608600000, 0x0000000608600000, 0x0000000608800000|  0%| F|  |TAMS 0x0000000608600000, 0x0000000608600000| Untracked 
|  52|0x0000000608800000, 0x0000000608800000, 0x0000000608a00000|  0%| F|  |TAMS 0x0000000608800000, 0x0000000608800000| Untracked 
|  53|0x0000000608a00000, 0x0000000608a00000, 0x0000000608c00000|  0%| F|  |TAMS 0x0000000608a00000, 0x0000000608a00000| Untracked 
|  54|0x0000000608c00000, 0x0000000608c00000, 0x0000000608e00000|  0%| F|  |TAMS 0x0000000608c00000, 0x0000000608c00000| Untracked 
|  55|0x0000000608e00000, 0x0000000608e00000, 0x0000000609000000|  0%| F|  |TAMS 0x0000000608e00000, 0x0000000608e00000| Untracked 
|  56|0x0000000609000000, 0x0000000609000000, 0x0000000609200000|  0%| F|  |TAMS 0x0000000609000000, 0x0000000609000000| Untracked 
|  57|0x0000000609200000, 0x0000000609200000, 0x0000000609400000|  0%| F|  |TAMS 0x0000000609200000, 0x0000000609200000| Untracked 
|  58|0x0000000609400000, 0x0000000609400000, 0x0000000609600000|  0%| F|  |TAMS 0x0000000609400000, 0x0000000609400000| Untracked 
|  59|0x0000000609600000, 0x0000000609600000, 0x0000000609800000|  0%| F|  |TAMS 0x0000000609600000, 0x0000000609600000| Untracked 
|  60|0x0000000609800000, 0x0000000609800000, 0x0000000609a00000|  0%| F|  |TAMS 0x0000000609800000, 0x0000000609800000| Untracked 
|  61|0x0000000609a00000, 0x0000000609a00000, 0x0000000609c00000|  0%| F|  |TAMS 0x0000000609a00000, 0x0000000609a00000| Untracked 
|  62|0x0000000609c00000, 0x0000000609c00000, 0x0000000609e00000|  0%| F|  |TAMS 0x0000000609c00000, 0x0000000609c00000| Untracked 
|  63|0x0000000609e00000, 0x0000000609e00000, 0x000000060a000000|  0%| F|  |TAMS 0x0000000609e00000, 0x0000000609e00000| Untracked 
|  64|0x000000060a000000, 0x000000060a000000, 0x000000060a200000|  0%| F|  |TAMS 0x000000060a000000, 0x000000060a000000| Untracked 
|  65|0x000000060a200000, 0x000000060a200000, 0x000000060a400000|  0%| F|  |TAMS 0x000000060a200000, 0x000000060a200000| Untracked 
|  66|0x000000060a400000, 0x000000060a400000, 0x000000060a600000|  0%| F|  |TAMS 0x000000060a400000, 0x000000060a400000| Untracked 
|  67|0x000000060a600000, 0x000000060a600000, 0x000000060a800000|  0%| F|  |TAMS 0x000000060a600000, 0x000000060a600000| Untracked 
|  68|0x000000060a800000, 0x000000060a800000, 0x000000060aa00000|  0%| F|  |TAMS 0x000000060a800000, 0x000000060a800000| Untracked 
|  69|0x000000060aa00000, 0x000000060aa00000, 0x000000060ac00000|  0%| F|  |TAMS 0x000000060aa00000, 0x000000060aa00000| Untracked 
|  70|0x000000060ac00000, 0x000000060ac00000, 0x000000060ae00000|  0%| F|  |TAMS 0x000000060ac00000, 0x000000060ac00000| Untracked 
|  71|0x000000060ae00000, 0x000000060ae00000, 0x000000060b000000|  0%| F|  |TAMS 0x000000060ae00000, 0x000000060ae00000| Untracked 
|  72|0x000000060b000000, 0x000000060b000000, 0x000000060b200000|  0%| F|  |TAMS 0x000000060b000000, 0x000000060b000000| Untracked 
|  73|0x000000060b200000, 0x000000060b200000, 0x000000060b400000|  0%| F|  |TAMS 0x000000060b200000, 0x000000060b200000| Untracked 
|  74|0x000000060b400000, 0x000000060b400000, 0x000000060b600000|  0%| F|  |TAMS 0x000000060b400000, 0x000000060b400000| Untracked 
|  75|0x000000060b600000, 0x000000060b600000, 0x000000060b800000|  0%| F|  |TAMS 0x000000060b600000, 0x000000060b600000| Untracked 
|  76|0x000000060b800000, 0x000000060b800000, 0x000000060ba00000|  0%| F|  |TAMS 0x000000060b800000, 0x000000060b800000| Untracked 
|  77|0x000000060ba00000, 0x000000060ba00000, 0x000000060bc00000|  0%| F|  |TAMS 0x000000060ba00000, 0x000000060ba00000| Untracked 
|  78|0x000000060bc00000, 0x000000060bc00000, 0x000000060be00000|  0%| F|  |TAMS 0x000000060bc00000, 0x000000060bc00000| Untracked 
|  79|0x000000060be00000, 0x000000060be00000, 0x000000060c000000|  0%| F|  |TAMS 0x000000060be00000, 0x000000060be00000| Untracked 
|  80|0x000000060c000000, 0x000000060c000000, 0x000000060c200000|  0%| F|  |TAMS 0x000000060c000000, 0x000000060c000000| Untracked 
|  81|0x000000060c200000, 0x000000060c200000, 0x000000060c400000|  0%| F|  |TAMS 0x000000060c200000, 0x000000060c200000| Untracked 
|  82|0x000000060c400000, 0x000000060c400000, 0x000000060c600000|  0%| F|  |TAMS 0x000000060c400000, 0x000000060c400000| Untracked 
|  83|0x000000060c600000, 0x000000060c600000, 0x000000060c800000|  0%| F|  |TAMS 0x000000060c600000, 0x000000060c600000| Untracked 
|  84|0x000000060c800000, 0x000000060c800000, 0x000000060ca00000|  0%| F|  |TAMS 0x000000060c800000, 0x000000060c800000| Untracked 
|  85|0x000000060ca00000, 0x000000060ca00000, 0x000000060cc00000|  0%| F|  |TAMS 0x000000060ca00000, 0x000000060ca00000| Untracked 
|  86|0x000000060cc00000, 0x000000060cc00000, 0x000000060ce00000|  0%| F|  |TAMS 0x000000060cc00000, 0x000000060cc00000| Untracked 
|  87|0x000000060ce00000, 0x000000060ce00000, 0x000000060d000000|  0%| F|  |TAMS 0x000000060ce00000, 0x000000060ce00000| Untracked 
|  88|0x000000060d000000, 0x000000060d000000, 0x000000060d200000|  0%| F|  |TAMS 0x000000060d000000, 0x000000060d000000| Untracked 
|  89|0x000000060d200000, 0x000000060d200000, 0x000000060d400000|  0%| F|  |TAMS 0x000000060d200000, 0x000000060d200000| Untracked 
|  90|0x000000060d400000, 0x000000060d400000, 0x000000060d600000|  0%| F|  |TAMS 0x000000060d400000, 0x000000060d400000| Untracked 
|  91|0x000000060d600000, 0x000000060d600000, 0x000000060d800000|  0%| F|  |TAMS 0x000000060d600000, 0x000000060d600000| Untracked 
|  92|0x000000060d800000, 0x000000060d800000, 0x000000060da00000|  0%| F|  |TAMS 0x000000060d800000, 0x000000060d800000| Untracked 
|  93|0x000000060da00000, 0x000000060da00000, 0x000000060dc00000|  0%| F|  |TAMS 0x000000060da00000, 0x000000060da00000| Untracked 
|  94|0x000000060dc00000, 0x000000060dc00000, 0x000000060de00000|  0%| F|  |TAMS 0x000000060dc00000, 0x000000060dc00000| Untracked 
|  95|0x000000060de00000, 0x000000060de00000, 0x000000060e000000|  0%| F|  |TAMS 0x000000060de00000, 0x000000060de00000| Untracked 
|  96|0x000000060e000000, 0x000000060e000000, 0x000000060e200000|  0%| F|  |TAMS 0x000000060e000000, 0x000000060e000000| Untracked 
|  97|0x000000060e200000, 0x000000060e200000, 0x000000060e400000|  0%| F|  |TAMS 0x000000060e200000, 0x000000060e200000| Untracked 
|  98|0x000000060e400000, 0x000000060e400000, 0x000000060e600000|  0%| F|  |TAMS 0x000000060e400000, 0x000000060e400000| Untracked 
|  99|0x000000060e600000, 0x000000060e600000, 0x000000060e800000|  0%| F|  |TAMS 0x000000060e600000, 0x000000060e600000| Untracked 
| 100|0x000000060e800000, 0x000000060e800000, 0x000000060ea00000|  0%| F|  |TAMS 0x000000060e800000, 0x000000060e800000| Untracked 
| 101|0x000000060ea00000, 0x000000060ea00000, 0x000000060ec00000|  0%| F|  |TAMS 0x000000060ea00000, 0x000000060ea00000| Untracked 
| 102|0x000000060ec00000, 0x000000060ec00000, 0x000000060ee00000|  0%| F|  |TAMS 0x000000060ec00000, 0x000000060ec00000| Untracked 
| 103|0x000000060ee00000, 0x000000060ee00000, 0x000000060f000000|  0%| F|  |TAMS 0x000000060ee00000, 0x000000060ee00000| Untracked 
| 104|0x000000060f000000, 0x000000060f000000, 0x000000060f200000|  0%| F|  |TAMS 0x000000060f000000, 0x000000060f000000| Untracked 
| 105|0x000000060f200000, 0x000000060f200000, 0x000000060f400000|  0%| F|  |TAMS 0x000000060f200000, 0x000000060f200000| Untracked 
| 106|0x000000060f400000, 0x000000060f400000, 0x000000060f600000|  0%| F|  |TAMS 0x000000060f400000, 0x000000060f400000| Untracked 
| 107|0x000000060f600000, 0x000000060f600000, 0x000000060f800000|  0%| F|  |TAMS 0x000000060f600000, 0x000000060f600000| Untracked 
| 108|0x000000060f800000, 0x000000060f800000, 0x000000060fa00000|  0%| F|  |TAMS 0x000000060f800000, 0x000000060f800000| Untracked 
| 109|0x000000060fa00000, 0x000000060fa00000, 0x000000060fc00000|  0%| F|  |TAMS 0x000000060fa00000, 0x000000060fa00000| Untracked 
| 110|0x000000060fc00000, 0x000000060fc00000, 0x000000060fe00000|  0%| F|  |TAMS 0x000000060fc00000, 0x000000060fc00000| Untracked 
| 111|0x000000060fe00000, 0x000000060fe00000, 0x0000000610000000|  0%| F|  |TAMS 0x000000060fe00000, 0x000000060fe00000| Untracked 
| 112|0x0000000610000000, 0x0000000610000000, 0x0000000610200000|  0%| F|  |TAMS 0x0000000610000000, 0x0000000610000000| Untracked 
| 113|0x0000000610200000, 0x0000000610200000, 0x0000000610400000|  0%| F|  |TAMS 0x0000000610200000, 0x0000000610200000| Untracked 
| 114|0x0000000610400000, 0x0000000610400000, 0x0000000610600000|  0%| F|  |TAMS 0x0000000610400000, 0x0000000610400000| Untracked 
| 115|0x0000000610600000, 0x0000000610600000, 0x0000000610800000|  0%| F|  |TAMS 0x0000000610600000, 0x0000000610600000| Untracked 
| 116|0x0000000610800000, 0x0000000610800000, 0x0000000610a00000|  0%| F|  |TAMS 0x0000000610800000, 0x0000000610800000| Untracked 
| 117|0x0000000610a00000, 0x0000000610a00000, 0x0000000610c00000|  0%| F|  |TAMS 0x0000000610a00000, 0x0000000610a00000| Untracked 
| 118|0x0000000610c00000, 0x0000000610c00000, 0x0000000610e00000|  0%| F|  |TAMS 0x0000000610c00000, 0x0000000610c00000| Untracked 
| 119|0x0000000610e00000, 0x0000000610e00000, 0x0000000611000000|  0%| F|  |TAMS 0x0000000610e00000, 0x0000000610e00000| Untracked 
| 120|0x0000000611000000, 0x0000000611000000, 0x0000000611200000|  0%| F|  |TAMS 0x0000000611000000, 0x0000000611000000| Untracked 
| 121|0x0000000611200000, 0x0000000611200000, 0x0000000611400000|  0%| F|  |TAMS 0x0000000611200000, 0x0000000611200000| Untracked 
| 122|0x0000000611400000, 0x0000000611400000, 0x0000000611600000|  0%| F|  |TAMS 0x0000000611400000, 0x0000000611400000| Untracked 
| 123|0x0000000611600000, 0x0000000611600000, 0x0000000611800000|  0%| F|  |TAMS 0x0000000611600000, 0x0000000611600000| Untracked 
| 124|0x0000000611800000, 0x0000000611800000, 0x0000000611a00000|  0%| F|  |TAMS 0x0000000611800000, 0x0000000611800000| Untracked 
| 125|0x0000000611a00000, 0x0000000611a00000, 0x0000000611c00000|  0%| F|  |TAMS 0x0000000611a00000, 0x0000000611a00000| Untracked 
| 126|0x0000000611c00000, 0x0000000611c00000, 0x0000000611e00000|  0%| F|  |TAMS 0x0000000611c00000, 0x0000000611c00000| Untracked 
| 127|0x0000000611e00000, 0x0000000611e00000, 0x0000000612000000|  0%| F|  |TAMS 0x0000000611e00000, 0x0000000611e00000| Untracked 
| 128|0x0000000612000000, 0x0000000612000000, 0x0000000612200000|  0%| F|  |TAMS 0x0000000612000000, 0x0000000612000000| Untracked 
| 129|0x0000000612200000, 0x0000000612200000, 0x0000000612400000|  0%| F|  |TAMS 0x0000000612200000, 0x0000000612200000| Untracked 
| 130|0x0000000612400000, 0x0000000612400000, 0x0000000612600000|  0%| F|  |TAMS 0x0000000612400000, 0x0000000612400000| Untracked 
| 131|0x0000000612600000, 0x0000000612600000, 0x0000000612800000|  0%| F|  |TAMS 0x0000000612600000, 0x0000000612600000| Untracked 
| 132|0x0000000612800000, 0x0000000612800000, 0x0000000612a00000|  0%| F|  |TAMS 0x0000000612800000, 0x0000000612800000| Untracked 
| 133|0x0000000612a00000, 0x0000000612a00000, 0x0000000612c00000|  0%| F|  |TAMS 0x0000000612a00000, 0x0000000612a00000| Untracked 
| 134|0x0000000612c00000, 0x0000000612c00000, 0x0000000612e00000|  0%| F|  |TAMS 0x0000000612c00000, 0x0000000612c00000| Untracked 
| 135|0x0000000612e00000, 0x0000000612e00000, 0x0000000613000000|  0%| F|  |TAMS 0x0000000612e00000, 0x0000000612e00000| Untracked 
| 136|0x0000000613000000, 0x0000000613000000, 0x0000000613200000|  0%| F|  |TAMS 0x0000000613000000, 0x0000000613000000| Untracked 
| 137|0x0000000613200000, 0x0000000613200000, 0x0000000613400000|  0%| F|  |TAMS 0x0000000613200000, 0x0000000613200000| Untracked 
| 138|0x0000000613400000, 0x0000000613400000, 0x0000000613600000|  0%| F|  |TAMS 0x0000000613400000, 0x0000000613400000| Untracked 
| 139|0x0000000613600000, 0x0000000613600000, 0x0000000613800000|  0%| F|  |TAMS 0x0000000613600000, 0x0000000613600000| Untracked 
| 140|0x0000000613800000, 0x0000000613800000, 0x0000000613a00000|  0%| F|  |TAMS 0x0000000613800000, 0x0000000613800000| Untracked 
| 141|0x0000000613a00000, 0x0000000613a00000, 0x0000000613c00000|  0%| F|  |TAMS 0x0000000613a00000, 0x0000000613a00000| Untracked 
| 142|0x0000000613c00000, 0x0000000613c00000, 0x0000000613e00000|  0%| F|  |TAMS 0x0000000613c00000, 0x0000000613c00000| Untracked 
| 143|0x0000000613e00000, 0x0000000613e00000, 0x0000000614000000|  0%| F|  |TAMS 0x0000000613e00000, 0x0000000613e00000| Untracked 
| 144|0x0000000614000000, 0x0000000614000000, 0x0000000614200000|  0%| F|  |TAMS 0x0000000614000000, 0x0000000614000000| Untracked 
| 145|0x0000000614200000, 0x0000000614200000, 0x0000000614400000|  0%| F|  |TAMS 0x0000000614200000, 0x0000000614200000| Untracked 
| 146|0x0000000614400000, 0x0000000614400000, 0x0000000614600000|  0%| F|  |TAMS 0x0000000614400000, 0x0000000614400000| Untracked 
| 147|0x0000000614600000, 0x0000000614600000, 0x0000000614800000|  0%| F|  |TAMS 0x0000000614600000, 0x0000000614600000| Untracked 
| 148|0x0000000614800000, 0x0000000614800000, 0x0000000614a00000|  0%| F|  |TAMS 0x0000000614800000, 0x0000000614800000| Untracked 
| 149|0x0000000614a00000, 0x0000000614a00000, 0x0000000614c00000|  0%| F|  |TAMS 0x0000000614a00000, 0x0000000614a00000| Untracked 
| 150|0x0000000614c00000, 0x0000000614c00000, 0x0000000614e00000|  0%| F|  |TAMS 0x0000000614c00000, 0x0000000614c00000| Untracked 
| 151|0x0000000614e00000, 0x0000000614e00000, 0x0000000615000000|  0%| F|  |TAMS 0x0000000614e00000, 0x0000000614e00000| Untracked 
| 152|0x0000000615000000, 0x0000000615000000, 0x0000000615200000|  0%| F|  |TAMS 0x0000000615000000, 0x0000000615000000| Untracked 
| 153|0x0000000615200000, 0x0000000615200000, 0x0000000615400000|  0%| F|  |TAMS 0x0000000615200000, 0x0000000615200000| Untracked 
| 154|0x0000000615400000, 0x0000000615400000, 0x0000000615600000|  0%| F|  |TAMS 0x0000000615400000, 0x0000000615400000| Untracked 
| 155|0x0000000615600000, 0x0000000615600000, 0x0000000615800000|  0%| F|  |TAMS 0x0000000615600000, 0x0000000615600000| Untracked 
| 156|0x0000000615800000, 0x0000000615800000, 0x0000000615a00000|  0%| F|  |TAMS 0x0000000615800000, 0x0000000615800000| Untracked 
| 157|0x0000000615a00000, 0x0000000615a00000, 0x0000000615c00000|  0%| F|  |TAMS 0x0000000615a00000, 0x0000000615a00000| Untracked 
| 158|0x0000000615c00000, 0x0000000615c00000, 0x0000000615e00000|  0%| F|  |TAMS 0x0000000615c00000, 0x0000000615c00000| Untracked 
| 159|0x0000000615e00000, 0x0000000615e00000, 0x0000000616000000|  0%| F|  |TAMS 0x0000000615e00000, 0x0000000615e00000| Untracked 
| 160|0x0000000616000000, 0x0000000616000000, 0x0000000616200000|  0%| F|  |TAMS 0x0000000616000000, 0x0000000616000000| Untracked 
| 161|0x0000000616200000, 0x0000000616200000, 0x0000000616400000|  0%| F|  |TAMS 0x0000000616200000, 0x0000000616200000| Untracked 
| 162|0x0000000616400000, 0x0000000616400000, 0x0000000616600000|  0%| F|  |TAMS 0x0000000616400000, 0x0000000616400000| Untracked 
| 163|0x0000000616600000, 0x0000000616600000, 0x0000000616800000|  0%| F|  |TAMS 0x0000000616600000, 0x0000000616600000| Untracked 
| 164|0x0000000616800000, 0x0000000616800000, 0x0000000616a00000|  0%| F|  |TAMS 0x0000000616800000, 0x0000000616800000| Untracked 
| 165|0x0000000616a00000, 0x0000000616a00000, 0x0000000616c00000|  0%| F|  |TAMS 0x0000000616a00000, 0x0000000616a00000| Untracked 
| 166|0x0000000616c00000, 0x0000000616c00000, 0x0000000616e00000|  0%| F|  |TAMS 0x0000000616c00000, 0x0000000616c00000| Untracked 
| 167|0x0000000616e00000, 0x0000000616e00000, 0x0000000617000000|  0%| F|  |TAMS 0x0000000616e00000, 0x0000000616e00000| Untracked 
| 168|0x0000000617000000, 0x0000000617000000, 0x0000000617200000|  0%| F|  |TAMS 0x0000000617000000, 0x0000000617000000| Untracked 
| 169|0x0000000617200000, 0x0000000617200000, 0x0000000617400000|  0%| F|  |TAMS 0x0000000617200000, 0x0000000617200000| Untracked 
| 170|0x0000000617400000, 0x0000000617400000, 0x0000000617600000|  0%| F|  |TAMS 0x0000000617400000, 0x0000000617400000| Untracked 
| 171|0x0000000617600000, 0x0000000617600000, 0x0000000617800000|  0%| F|  |TAMS 0x0000000617600000, 0x0000000617600000| Untracked 
| 172|0x0000000617800000, 0x0000000617800000, 0x0000000617a00000|  0%| F|  |TAMS 0x0000000617800000, 0x0000000617800000| Untracked 
| 173|0x0000000617a00000, 0x0000000617a00000, 0x0000000617c00000|  0%| F|  |TAMS 0x0000000617a00000, 0x0000000617a00000| Untracked 
| 174|0x0000000617c00000, 0x0000000617c00000, 0x0000000617e00000|  0%| F|  |TAMS 0x0000000617c00000, 0x0000000617c00000| Untracked 
| 175|0x0000000617e00000, 0x0000000617e00000, 0x0000000618000000|  0%| F|  |TAMS 0x0000000617e00000, 0x0000000617e00000| Untracked 
| 176|0x0000000618000000, 0x00000006180b0a38, 0x0000000618200000| 34%| E|  |TAMS 0x0000000618000000, 0x0000000618000000| Complete 
| 177|0x0000000618200000, 0x0000000618400000, 0x0000000618400000|100%| E|CS|TAMS 0x0000000618200000, 0x0000000618200000| Complete 
| 178|0x0000000618400000, 0x0000000618600000, 0x0000000618600000|100%| E|CS|TAMS 0x0000000618400000, 0x0000000618400000| Complete 
| 179|0x0000000618600000, 0x0000000618800000, 0x0000000618800000|100%| E|CS|TAMS 0x0000000618600000, 0x0000000618600000| Complete 
| 180|0x0000000618800000, 0x0000000618a00000, 0x0000000618a00000|100%| E|CS|TAMS 0x0000000618800000, 0x0000000618800000| Complete 
| 181|0x0000000618a00000, 0x0000000618c00000, 0x0000000618c00000|100%| E|CS|TAMS 0x0000000618a00000, 0x0000000618a00000| Complete 
| 182|0x0000000618c00000, 0x0000000618c39c90, 0x0000000618e00000| 11%| S|CS|TAMS 0x0000000618c00000, 0x0000000618c00000| Complete 
| 183|0x0000000618e00000, 0x0000000619000000, 0x0000000619000000|100%| S|CS|TAMS 0x0000000618e00000, 0x0000000618e00000| Complete 
| 184|0x0000000619000000, 0x0000000619200000, 0x0000000619200000|100%| S|CS|TAMS 0x0000000619000000, 0x0000000619000000| Complete 
| 185|0x0000000619200000, 0x0000000619400000, 0x0000000619400000|100%| S|CS|TAMS 0x0000000619200000, 0x0000000619200000| Complete 
| 186|0x0000000619400000, 0x0000000619600000, 0x0000000619600000|100%| S|CS|TAMS 0x0000000619400000, 0x0000000619400000| Complete 
| 187|0x0000000619600000, 0x0000000619800000, 0x0000000619800000|100%| E|CS|TAMS 0x0000000619600000, 0x0000000619600000| Complete 
| 188|0x0000000619800000, 0x0000000619a00000, 0x0000000619a00000|100%| E|CS|TAMS 0x0000000619800000, 0x0000000619800000| Complete 
| 189|0x0000000619a00000, 0x0000000619c00000, 0x0000000619c00000|100%| E|CS|TAMS 0x0000000619a00000, 0x0000000619a00000| Complete 
| 190|0x0000000619c00000, 0x0000000619e00000, 0x0000000619e00000|100%| E|CS|TAMS 0x0000000619c00000, 0x0000000619c00000| Complete 
| 191|0x0000000619e00000, 0x000000061a000000, 0x000000061a000000|100%| E|CS|TAMS 0x0000000619e00000, 0x0000000619e00000| Complete 
| 192|0x000000061a000000, 0x000000061a200000, 0x000000061a200000|100%| E|CS|TAMS 0x000000061a000000, 0x000000061a000000| Complete 
| 193|0x000000061a200000, 0x000000061a400000, 0x000000061a400000|100%| E|CS|TAMS 0x000000061a200000, 0x000000061a200000| Complete 
| 194|0x000000061a400000, 0x000000061a600000, 0x000000061a600000|100%| E|CS|TAMS 0x000000061a400000, 0x000000061a400000| Complete 
| 195|0x000000061a600000, 0x000000061a800000, 0x000000061a800000|100%| E|CS|TAMS 0x000000061a600000, 0x000000061a600000| Complete 
| 196|0x000000061a800000, 0x000000061aa00000, 0x000000061aa00000|100%| E|CS|TAMS 0x000000061a800000, 0x000000061a800000| Complete 
| 197|0x000000061aa00000, 0x000000061ac00000, 0x000000061ac00000|100%| E|CS|TAMS 0x000000061aa00000, 0x000000061aa00000| Complete 
| 198|0x000000061ac00000, 0x000000061ae00000, 0x000000061ae00000|100%| E|CS|TAMS 0x000000061ac00000, 0x000000061ac00000| Complete 
| 199|0x000000061ae00000, 0x000000061b000000, 0x000000061b000000|100%| E|CS|TAMS 0x000000061ae00000, 0x000000061ae00000| Complete 
| 200|0x000000061b000000, 0x000000061b200000, 0x000000061b200000|100%| E|CS|TAMS 0x000000061b000000, 0x000000061b000000| Complete 
| 201|0x000000061b200000, 0x000000061b400000, 0x000000061b400000|100%| E|CS|TAMS 0x000000061b200000, 0x000000061b200000| Complete 
| 202|0x000000061b400000, 0x000000061b600000, 0x000000061b600000|100%| E|CS|TAMS 0x000000061b400000, 0x000000061b400000| Complete 
| 203|0x000000061b600000, 0x000000061b800000, 0x000000061b800000|100%| E|CS|TAMS 0x000000061b600000, 0x000000061b600000| Complete 
| 204|0x000000061b800000, 0x000000061ba00000, 0x000000061ba00000|100%| E|CS|TAMS 0x000000061b800000, 0x000000061b800000| Complete 
| 205|0x000000061ba00000, 0x000000061bc00000, 0x000000061bc00000|100%| E|CS|TAMS 0x000000061ba00000, 0x000000061ba00000| Complete 
| 206|0x000000061bc00000, 0x000000061be00000, 0x000000061be00000|100%| E|CS|TAMS 0x000000061bc00000, 0x000000061bc00000| Complete 
| 207|0x000000061be00000, 0x000000061c000000, 0x000000061c000000|100%| E|CS|TAMS 0x000000061be00000, 0x000000061be00000| Complete 
| 208|0x000000061c000000, 0x000000061c200000, 0x000000061c200000|100%| E|CS|TAMS 0x000000061c000000, 0x000000061c000000| Complete 
| 209|0x000000061c200000, 0x000000061c400000, 0x000000061c400000|100%| E|CS|TAMS 0x000000061c200000, 0x000000061c200000| Complete 
| 210|0x000000061c400000, 0x000000061c600000, 0x000000061c600000|100%| E|CS|TAMS 0x000000061c400000, 0x000000061c400000| Complete 
| 211|0x000000061c600000, 0x000000061c800000, 0x000000061c800000|100%| E|CS|TAMS 0x000000061c600000, 0x000000061c600000| Complete 
| 212|0x000000061c800000, 0x000000061ca00000, 0x000000061ca00000|100%| E|CS|TAMS 0x000000061c800000, 0x000000061c800000| Complete 
| 213|0x000000061ca00000, 0x000000061cc00000, 0x000000061cc00000|100%| E|CS|TAMS 0x000000061ca00000, 0x000000061ca00000| Complete 
| 214|0x000000061cc00000, 0x000000061ce00000, 0x000000061ce00000|100%| E|CS|TAMS 0x000000061cc00000, 0x000000061cc00000| Complete 
| 215|0x000000061ce00000, 0x000000061d000000, 0x000000061d000000|100%| E|CS|TAMS 0x000000061ce00000, 0x000000061ce00000| Complete 
| 216|0x000000061d000000, 0x000000061d200000, 0x000000061d200000|100%| E|CS|TAMS 0x000000061d000000, 0x000000061d000000| Complete 
| 217|0x000000061d200000, 0x000000061d400000, 0x000000061d400000|100%| E|CS|TAMS 0x000000061d200000, 0x000000061d200000| Complete 
| 218|0x000000061d400000, 0x000000061d600000, 0x000000061d600000|100%| E|CS|TAMS 0x000000061d400000, 0x000000061d400000| Complete 
| 219|0x000000061d600000, 0x000000061d800000, 0x000000061d800000|100%| E|CS|TAMS 0x000000061d600000, 0x000000061d600000| Complete 
| 220|0x000000061d800000, 0x000000061da00000, 0x000000061da00000|100%| E|CS|TAMS 0x000000061d800000, 0x000000061d800000| Complete 
| 221|0x000000061da00000, 0x000000061dc00000, 0x000000061dc00000|100%| E|CS|TAMS 0x000000061da00000, 0x000000061da00000| Complete 
| 222|0x000000061dc00000, 0x000000061de00000, 0x000000061de00000|100%| E|CS|TAMS 0x000000061dc00000, 0x000000061dc00000| Complete 
| 223|0x000000061de00000, 0x000000061e000000, 0x000000061e000000|100%| E|CS|TAMS 0x000000061de00000, 0x000000061de00000| Complete 
| 224|0x000000061e000000, 0x000000061e200000, 0x000000061e200000|100%| E|CS|TAMS 0x000000061e000000, 0x000000061e000000| Complete 
| 225|0x000000061e200000, 0x000000061e400000, 0x000000061e400000|100%| E|CS|TAMS 0x000000061e200000, 0x000000061e200000| Complete 
| 226|0x000000061e400000, 0x000000061e600000, 0x000000061e600000|100%| E|CS|TAMS 0x000000061e400000, 0x000000061e400000| Complete 
| 227|0x000000061e600000, 0x000000061e800000, 0x000000061e800000|100%| E|CS|TAMS 0x000000061e600000, 0x000000061e600000| Complete 
| 228|0x000000061e800000, 0x000000061ea00000, 0x000000061ea00000|100%| E|CS|TAMS 0x000000061e800000, 0x000000061e800000| Complete 
| 229|0x000000061ea00000, 0x000000061ec00000, 0x000000061ec00000|100%| E|CS|TAMS 0x000000061ea00000, 0x000000061ea00000| Complete 
| 230|0x000000061ec00000, 0x000000061ee00000, 0x000000061ee00000|100%| E|CS|TAMS 0x000000061ec00000, 0x000000061ec00000| Complete 
| 231|0x000000061ee00000, 0x000000061f000000, 0x000000061f000000|100%| E|CS|TAMS 0x000000061ee00000, 0x000000061ee00000| Complete 
| 232|0x000000061f000000, 0x000000061f200000, 0x000000061f200000|100%| E|CS|TAMS 0x000000061f000000, 0x000000061f000000| Complete 
| 233|0x000000061f200000, 0x000000061f400000, 0x000000061f400000|100%| E|CS|TAMS 0x000000061f200000, 0x000000061f200000| Complete 
| 234|0x000000061f400000, 0x000000061f600000, 0x000000061f600000|100%| E|CS|TAMS 0x000000061f400000, 0x000000061f400000| Complete 
| 235|0x000000061f600000, 0x000000061f800000, 0x000000061f800000|100%| E|CS|TAMS 0x000000061f600000, 0x000000061f600000| Complete 
| 236|0x000000061f800000, 0x000000061fa00000, 0x000000061fa00000|100%| E|CS|TAMS 0x000000061f800000, 0x000000061f800000| Complete 
| 237|0x000000061fa00000, 0x000000061fc00000, 0x000000061fc00000|100%| E|CS|TAMS 0x000000061fa00000, 0x000000061fa00000| Complete 
| 238|0x000000061fc00000, 0x000000061fe00000, 0x000000061fe00000|100%| E|CS|TAMS 0x000000061fc00000, 0x000000061fc00000| Complete 
| 239|0x000000061fe00000, 0x0000000620000000, 0x0000000620000000|100%| E|CS|TAMS 0x000000061fe00000, 0x000000061fe00000| Complete 
| 240|0x0000000620000000, 0x0000000620200000, 0x0000000620200000|100%| E|CS|TAMS 0x0000000620000000, 0x0000000620000000| Complete 
| 241|0x0000000620200000, 0x0000000620400000, 0x0000000620400000|100%| E|CS|TAMS 0x0000000620200000, 0x0000000620200000| Complete 
| 242|0x0000000620400000, 0x0000000620600000, 0x0000000620600000|100%| E|CS|TAMS 0x0000000620400000, 0x0000000620400000| Complete 
| 243|0x0000000620600000, 0x0000000620800000, 0x0000000620800000|100%| E|CS|TAMS 0x0000000620600000, 0x0000000620600000| Complete 
| 244|0x0000000620800000, 0x0000000620a00000, 0x0000000620a00000|100%| E|CS|TAMS 0x0000000620800000, 0x0000000620800000| Complete 
| 245|0x0000000620a00000, 0x0000000620c00000, 0x0000000620c00000|100%| E|CS|TAMS 0x0000000620a00000, 0x0000000620a00000| Complete 
| 246|0x0000000620c00000, 0x0000000620e00000, 0x0000000620e00000|100%| E|CS|TAMS 0x0000000620c00000, 0x0000000620c00000| Complete 
| 247|0x0000000620e00000, 0x0000000621000000, 0x0000000621000000|100%| E|CS|TAMS 0x0000000620e00000, 0x0000000620e00000| Complete 
| 248|0x0000000621000000, 0x0000000621200000, 0x0000000621200000|100%| E|CS|TAMS 0x0000000621000000, 0x0000000621000000| Complete 
| 249|0x0000000621200000, 0x0000000621400000, 0x0000000621400000|100%| E|CS|TAMS 0x0000000621200000, 0x0000000621200000| Complete 
| 250|0x0000000621400000, 0x0000000621600000, 0x0000000621600000|100%| E|CS|TAMS 0x0000000621400000, 0x0000000621400000| Complete 
| 251|0x0000000621600000, 0x0000000621800000, 0x0000000621800000|100%| E|CS|TAMS 0x0000000621600000, 0x0000000621600000| Complete 
| 252|0x0000000621800000, 0x0000000621a00000, 0x0000000621a00000|100%| E|CS|TAMS 0x0000000621800000, 0x0000000621800000| Complete 
| 253|0x0000000621a00000, 0x0000000621c00000, 0x0000000621c00000|100%| E|CS|TAMS 0x0000000621a00000, 0x0000000621a00000| Complete 
| 254|0x0000000621c00000, 0x0000000621e00000, 0x0000000621e00000|100%| E|CS|TAMS 0x0000000621c00000, 0x0000000621c00000| Complete 

Card table byte_map: [0x000001ef1d720000,0x000001ef1e710000] _byte_map_base: 0x000001ef1a710000

Marking Bits (Prev, Next): (CMBitMap*) 0x000001ef04fd55e8, (CMBitMap*) 0x000001ef04fd5620
 Prev Bits: [0x000001ef1f700000, 0x000001ef27680000)
 Next Bits: [0x000001ef27680000, 0x000001ef2f600000)

Polling page: 0x000001ef02ea0000

Metaspace:

Usage:
  Non-class:     50.50 MB capacity,    49.40 MB ( 98%) used,   908.95 KB (  2%) free+waste,   214.19 KB ( <1%) overhead. 
      Class:      7.99 MB capacity,     7.31 MB ( 92%) used,   588.37 KB (  7%) free+waste,   104.94 KB (  1%) overhead. 
       Both:     58.49 MB capacity,    56.71 MB ( 97%) used,     1.46 MB (  3%) free+waste,   319.13 KB ( <1%) overhead. 

Virtual space:
  Non-class space:       52.00 MB reserved,      50.67 MB ( 97%) committed 
      Class space:        1.00 GB reserved,       8.00 MB ( <1%) committed 
             Both:        1.05 GB reserved,      58.67 MB (  5%) committed 

Chunk freelists:
   Non-Class:  6.38 KB
       Class:  1.25 KB
        Both:  7.63 KB

CodeHeap 'non-profiled nmethods': size=238336Kb used=6787Kb max_used=6787Kb free=231548Kb
 bounds [0x000001ef0db40000, 0x000001ef0e1f0000, 0x000001ef1c400000]
CodeHeap 'non-nmethods': size=7424Kb used=1243Kb max_used=1243Kb free=6180Kb
 bounds [0x000001ef0d400000, 0x000001ef0d670000, 0x000001ef0db40000]
 total_blobs=5032 nmethods=4424 adapters=533
 compilation: enabled
              stopped_count=0, restarted_count=0
 full_count=0

Compilation events (10 events):
Event: 8.750 Thread 0x000001ef32b4f800 4420       1       com.mysql.cj.jdbc.ConnectionImpl::getSession (5 bytes)
Event: 8.750 Thread 0x000001ef32b4f800 nmethod 4420 0x000001ef0e1dfe90 code [0x000001ef0e1e0020, 0x000001ef0e1e00d8]
Event: 8.763 Thread 0x000001ef32b4f800 4421       1       com.mysql.cj.protocol.a.result.ResultsetRowsStatic::isDynamic (2 bytes)
Event: 8.763 Thread 0x000001ef32b4f800 nmethod 4421 0x000001ef0e1e0190 code [0x000001ef0e1e0320, 0x000001ef0e1e03d8]
Event: 8.776 Thread 0x000001ef32b4f800 4422       1       sun.reflect.generics.scope.AbstractScope::getRecvr (5 bytes)
Event: 8.776 Thread 0x000001ef32b4f800 nmethod 4422 0x000001ef0e1e0490 code [0x000001ef0e1e0620, 0x000001ef0e1e06d8]
Event: 8.776 Thread 0x000001ef32b4f800 4423       1       org.springframework.core.convert.TypeDescriptor$AnnotatedElementAdapter::<init> (15 bytes)
Event: 8.776 Thread 0x000001ef32b4f800 nmethod 4423 0x000001ef0e1e0790 code [0x000001ef0e1e0920, 0x000001ef0e1e0a78]
Event: 8.778 Thread 0x000001ef32b4f800 4424       1       com.mysql.cj.jdbc.ConnectionImpl::getPropertySet (5 bytes)
Event: 8.778 Thread 0x000001ef32b4f800 nmethod 4424 0x000001ef0e1e0b10 code [0x000001ef0e1e0ca0, 0x000001ef0e1e0d58]

GC Heap History (10 events):
Event: 0.977 GC heap before
{Heap before GC invocations=0 (full 0):
 garbage-first heap   total 522240K, used 24576K [0x0000000602000000, 0x0000000800000000)
  region size 2048K, 12 young (24576K), 0 survivors (0K)
 Metaspace       used 13970K, capacity 14348K, committed 14464K, reserved 1062912K
  class space    used 1469K, capacity 1596K, committed 1664K, reserved 1048576K
}
Event: 0.982 GC heap after
{Heap after GC invocations=1 (full 0):
 garbage-first heap   total 522240K, used 6227K [0x0000000602000000, 0x0000000800000000)
  region size 2048K, 2 young (4096K), 2 survivors (4096K)
 Metaspace       used 13970K, capacity 14348K, committed 14464K, reserved 1062912K
  class space    used 1469K, capacity 1596K, committed 1664K, reserved 1048576K
}
Event: 1.258 GC heap before
{Heap before GC invocations=1 (full 0):
 garbage-first heap   total 522240K, used 26707K [0x0000000602000000, 0x0000000800000000)
  region size 2048K, 12 young (24576K), 2 survivors (4096K)
 Metaspace       used 17476K, capacity 17945K, committed 18048K, reserved 1064960K
  class space    used 1947K, capacity 2146K, committed 2176K, reserved 1048576K
}
Event: 1.262 GC heap after
{Heap after GC invocations=2 (full 0):
 garbage-first heap   total 522240K, used 7607K [0x0000000602000000, 0x0000000800000000)
  region size 2048K, 1 young (2048K), 1 survivors (2048K)
 Metaspace       used 17476K, capacity 17945K, committed 18048K, reserved 1064960K
  class space    used 1947K, capacity 2146K, committed 2176K, reserved 1048576K
}
Event: 1.455 GC heap before
{Heap before GC invocations=2 (full 0):
 garbage-first heap   total 522240K, used 26039K [0x0000000602000000, 0x0000000800000000)
  region size 2048K, 11 young (22528K), 1 survivors (2048K)
 Metaspace       used 20587K, capacity 21163K, committed 21296K, reserved 1069056K
  class space    used 2373K, capacity 2651K, committed 2688K, reserved 1048576K
}
Event: 1.457 GC heap after
{Heap after GC invocations=3 (full 0):
 garbage-first heap   total 522240K, used 8369K [0x0000000602000000, 0x0000000800000000)
  region size 2048K, 2 young (4096K), 2 survivors (4096K)
 Metaspace       used 20587K, capacity 21163K, committed 21296K, reserved 1069056K
  class space    used 2373K, capacity 2651K, committed 2688K, reserved 1048576K
}
Event: 1.758 GC heap before
{Heap before GC invocations=4 (full 0):
 garbage-first heap   total 522240K, used 73905K [0x0000000602000000, 0x0000000800000000)
  region size 2048K, 35 young (71680K), 2 survivors (4096K)
 Metaspace       used 25045K, capacity 25929K, committed 26160K, reserved 1073152K
  class space    used 2984K, capacity 3358K, committed 3456K, reserved 1048576K
}
Event: 1.761 GC heap after
{Heap after GC invocations=5 (full 0):
 garbage-first heap   total 522240K, used 10144K [0x0000000602000000, 0x0000000800000000)
  region size 2048K, 2 young (4096K), 2 survivors (4096K)
 Metaspace       used 25045K, capacity 25929K, committed 26160K, reserved 1073152K
  class space    used 2984K, capacity 3358K, committed 3456K, reserved 1048576K
}
Event: 2.770 GC heap before
{Heap before GC invocations=5 (full 0):
 garbage-first heap   total 522240K, used 141216K [0x0000000602000000, 0x0000000800000000)
  region size 2048K, 68 young (139264K), 2 survivors (4096K)
 Metaspace       used 34472K, capacity 35836K, committed 35920K, reserved 1081344K
  class space    used 4332K, capacity 4864K, committed 4864K, reserved 1048576K
}
Event: 2.777 GC heap after
{Heap after GC invocations=6 (full 0):
 garbage-first heap   total 522240K, used 14711K [0x0000000602000000, 0x0000000800000000)
  region size 2048K, 5 young (10240K), 5 survivors (10240K)
 Metaspace       used 34472K, capacity 35836K, committed 35920K, reserved 1081344K
  class space    used 4332K, capacity 4864K, committed 4864K, reserved 1048576K
}

Deoptimization events (0 events):
No events

Classes redefined (0 events):
No events

Internal exceptions (10 events):
Event: 3.917 Thread 0x000001ef04f51800 Exception <a 'java/lang/NoSuchMethodError'{0x000000061b4e5d58}: java.lang.invoke.DirectMethodHandle$Holder.invokeVirtual(Ljava/lang/Object;Ljava/lang/Object;I)V> (0x000000061b4e5d58) thrown at [./open/src/hotspot/share/interpreter/linkResolver.cpp, line 7
Event: 3.918 Thread 0x000001ef04f51800 Exception <a 'java/lang/NoSuchMethodError'{0x000000061b4ffb40}: java.lang.invoke.DirectMethodHandle$Holder.invokeVirtual(Ljava/lang/Object;Ljava/lang/Object;J)V> (0x000000061b4ffb40) thrown at [./open/src/hotspot/share/interpreter/linkResolver.cpp, line 7
Event: 3.992 Thread 0x000001ef04f51800 Exception <a 'java/lang/IncompatibleClassChangeError'{0x000000061acc37c0}: Found class java.lang.Object, but interface was expected> (0x000000061acc37c0) thrown at [./open/src/hotspot/share/interpreter/linkResolver.cpp, line 838]
Event: 4.012 Thread 0x000001ef04f51800 Exception <a 'java/lang/NoSuchMethodError'{0x000000061aa67338}: java.lang.invoke.DirectMethodHandle$Holder.invokeStaticInit(Ljava/lang/Object;Ljava/lang/Object;Ljava/lang/Object;Ljava/lang/Object;)I> (0x000000061aa67338) thrown at [./open/src/hotspot/shar
Event: 4.083 Thread 0x000001ef04f51800 Exception <a 'java/lang/NoSuchMethodError'{0x000000061a493260}: java.lang.invoke.DirectMethodHandle$Holder.invokeSpecial(Ljava/lang/Object;Ljava/lang/Object;ILjava/lang/Object;ILjava/lang/Object;)Ljava/lang/Object;> (0x000000061a493260) thrown at [./open/
Event: 4.083 Thread 0x000001ef04f51800 Exception <a 'java/lang/NoSuchMethodError'{0x000000061a49a740}: java.lang.invoke.DirectMethodHandle$Holder.invokeStatic(Ljava/lang/Object;Ljava/lang/Object;ILjava/lang/Object;I)Ljava/lang/Object;> (0x000000061a49a740) thrown at [./open/src/hotspot/share/i
Event: 4.083 Thread 0x000001ef04f51800 Exception <a 'java/lang/NoSuchMethodError'{0x000000061a49df18}: java.lang.invoke.DirectMethodHandle$Holder.invokeSpecial(Ljava/lang/Object;Ljava/lang/Object;Ljava/lang/Object;ILjava/lang/Object;I)Ljava/lang/Object;> (0x000000061a49df18) thrown at [./open/
Event: 4.083 Thread 0x000001ef04f51800 Exception <a 'java/lang/NoSuchMethodError'{0x000000061a4aa080}: java.lang.invoke.DirectMethodHandle$Holder.invokeVirtual(Ljava/lang/Object;Ljava/lang/Object;)V> (0x000000061a4aa080) thrown at [./open/src/hotspot/share/interpreter/linkResolver.cpp, line 77
Event: 8.745 Thread 0x000001ef36bf6000 Exception <a 'java/lang/NoSuchMethodError'{0x0000000618716828}: java.lang.invoke.DirectMethodHandle$Holder.invokeInterface(Ljava/lang/Object;Ljava/lang/Object;Ljava/lang/Object;Ljava/lang/Object;)Ljava/lang/Object;> (0x0000000618716828) thrown at [./open/
Event: 8.769 Thread 0x000001ef36bf6000 Exception <a 'java/lang/NoSuchMethodError'{0x00000006184bc008}: java.lang.invoke.DirectMethodHandle$Holder.invokeStaticInit(Ljava/lang/Object;Ljava/lang/Object;Ljava/lang/Object;Ljava/lang/Object;Ljava/lang/Object;Ljava/lang/Object;)Ljava/lang/Object;> (0

Events (10 events):
Event: 8.805 loading class org/objectweb/asm/Edge
Event: 8.805 loading class org/objectweb/asm/Edge done
Event: 8.806 loading class org/objectweb/asm/Handler
Event: 8.806 loading class org/objectweb/asm/Handler done
Event: 8.807 loading class org/objectweb/asm/Attribute
Event: 8.807 loading class org/objectweb/asm/Attribute done
Event: 8.808 loading class org/objectweb/asm/AnnotationWriter
Event: 8.808 loading class org/objectweb/asm/AnnotationWriter done
Event: 8.808 loading class org/objectweb/asm/AnnotationVisitor
Event: 8.808 loading class org/objectweb/asm/AnnotationVisitor done


Dynamic libraries:
0x00007ff6710a0000 - 0x00007ff6710af000 	C:\Java\jdk-11.0.11\bin\java.exe
0x00007ff9d6850000 - 0x00007ff9d6a45000 	C:\WINDOWS\SYSTEM32\ntdll.dll
0x00007ff9d4cb0000 - 0x00007ff9d4d6e000 	C:\WINDOWS\System32\KERNEL32.DLL
0x00007ff9d4390000 - 0x00007ff9d4659000 	C:\WINDOWS\System32\KERNELBASE.dll
0x00007ff9d3f70000 - 0x00007ff9d4070000 	C:\WINDOWS\System32\ucrtbase.dll
0x00007ff992b60000 - 0x00007ff992b78000 	C:\Java\jdk-11.0.11\bin\jli.dll
0x00007ff992b40000 - 0x00007ff992b55000 	C:\Java\jdk-11.0.11\bin\VCRUNTIME140.dll
0x00007ff9d4900000 - 0x00007ff9d49ac000 	C:\WINDOWS\System32\ADVAPI32.dll
0x00007ff9d5100000 - 0x00007ff9d519e000 	C:\WINDOWS\System32\msvcrt.dll
0x00007ff9d4f10000 - 0x00007ff9d4fab000 	C:\WINDOWS\System32\sechost.dll
0x00007ff9d49b0000 - 0x00007ff9d4ada000 	C:\WINDOWS\System32\RPCRT4.dll
0x00007ff9d54b0000 - 0x00007ff9d5651000 	C:\WINDOWS\System32\USER32.dll
0x00007ff9d4120000 - 0x00007ff9d4142000 	C:\WINDOWS\System32\win32u.dll
0x00007ff9d6730000 - 0x00007ff9d675b000 	C:\WINDOWS\System32\GDI32.dll
0x00007ff9bcf40000 - 0x00007ff9bd1da000 	C:\WINDOWS\WinSxS\amd64_microsoft.windows.common-controls_6595b64144ccf1df_6.0.19041.1110_none_60b5254171f9507e\COMCTL32.dll
0x00007ff9d4660000 - 0x00007ff9d476b000 	C:\WINDOWS\System32\gdi32full.dll
0x00007ff9d4800000 - 0x00007ff9d489d000 	C:\WINDOWS\System32\msvcp_win.dll
0x00007ff9cd0d0000 - 0x00007ff9cd0da000 	C:\WINDOWS\SYSTEM32\VERSION.dll
0x00007ff9d51a0000 - 0x00007ff9d51d0000 	C:\WINDOWS\System32\IMM32.DLL
0x00007ff9900e0000 - 0x00007ff99017b000 	C:\Java\jdk-11.0.11\bin\msvcp140.dll
0x00007ff9593e0000 - 0x00007ff959ede000 	C:\Java\jdk-11.0.11\bin\server\jvm.dll
0x00007ff9d52a0000 - 0x00007ff9d52a8000 	C:\WINDOWS\System32\PSAPI.DLL
0x00007ff9bc0e0000 - 0x00007ff9bc0e9000 	C:\WINDOWS\SYSTEM32\WSOCK32.dll
0x00007ff9d53e0000 - 0x00007ff9d544b000 	C:\WINDOWS\System32\WS2_32.dll
0x00007ff9bc930000 - 0x00007ff9bc957000 	C:\WINDOWS\SYSTEM32\WINMM.dll
0x00007ff9d27a0000 - 0x00007ff9d27b2000 	C:\WINDOWS\SYSTEM32\kernel.appcore.dll
0x00007ff9cfa10000 - 0x00007ff9cfa20000 	C:\Java\jdk-11.0.11\bin\verify.dll
0x00007ff9d2530000 - 0x00007ff9d2714000 	C:\WINDOWS\SYSTEM32\DBGHELP.DLL
0x00007ff9bbed0000 - 0x00007ff9bbefc000 	C:\WINDOWS\SYSTEM32\dbgcore.DLL
0x00007ff9d4770000 - 0x00007ff9d47f3000 	C:\WINDOWS\System32\bcryptPrimitives.dll
0x00007ff990a80000 - 0x00007ff990aa8000 	C:\Java\jdk-11.0.11\bin\java.dll
0x00007ff992b30000 - 0x00007ff992b3a000 	C:\Java\jdk-11.0.11\bin\jimage.dll
0x00007ff992b20000 - 0x00007ff992b2e000 	C:\Java\jdk-11.0.11\bin\instrument.dll
0x00007ff990ca0000 - 0x00007ff990cb6000 	C:\Java\jdk-11.0.11\bin\zip.dll
0x00007ff9d5660000 - 0x00007ff9d5d9f000 	C:\WINDOWS\System32\SHELL32.dll
0x00007ff9d1be0000 - 0x00007ff9d2370000 	C:\WINDOWS\SYSTEM32\windows.storage.dll
0x00007ff9d6220000 - 0x00007ff9d6575000 	C:\WINDOWS\System32\combase.dll
0x00007ff9d39c0000 - 0x00007ff9d39ec000 	C:\WINDOWS\SYSTEM32\Wldp.dll
0x00007ff9d6760000 - 0x00007ff9d680e000 	C:\WINDOWS\System32\SHCORE.dll
0x00007ff9d48a0000 - 0x00007ff9d48f5000 	C:\WINDOWS\System32\shlwapi.dll
0x00007ff9d3eb0000 - 0x00007ff9d3ecf000 	C:\WINDOWS\SYSTEM32\profapi.dll
0x00007ff990b00000 - 0x00007ff990b19000 	C:\Java\jdk-11.0.11\bin\net.dll
0x00007ff9ca950000 - 0x00007ff9caa58000 	C:\WINDOWS\SYSTEM32\WINHTTP.dll
0x00007ff9d3720000 - 0x00007ff9d378a000 	C:\WINDOWS\system32\mswsock.dll
0x00007ff9907f0000 - 0x00007ff990802000 	C:\Java\jdk-11.0.11\bin\nio.dll
0x00007ff9906b0000 - 0x00007ff9906ca000 	C:\Users\onurb\AppData\Local\JetBrains\Toolbox\apps\IDEA-U\ch-0\212.5284.40\bin\breakgen64.dll
0x00007ff9d33e0000 - 0x00007ff9d34ac000 	C:\WINDOWS\SYSTEM32\DNSAPI.dll
0x00007ff9d33a0000 - 0x00007ff9d33db000 	C:\WINDOWS\SYSTEM32\IPHLPAPI.DLL
0x00007ff9d6610000 - 0x00007ff9d6618000 	C:\WINDOWS\System32\NSI.dll
0x00007ff9cc5c0000 - 0x00007ff9cc5ca000 	C:\Windows\System32\rasadhlp.dll
0x00007ff9ca280000 - 0x00007ff9ca2ff000 	C:\WINDOWS\System32\fwpuclnt.dll
0x00007ff9d4360000 - 0x00007ff9d4387000 	C:\WINDOWS\System32\bcrypt.dll
0x00007ff990c70000 - 0x00007ff990c79000 	C:\Java\jdk-11.0.11\bin\management.dll
0x00007ff990c10000 - 0x00007ff990c1b000 	C:\Java\jdk-11.0.11\bin\management_ext.dll
0x00007ff9d3910000 - 0x00007ff9d3928000 	C:\WINDOWS\SYSTEM32\CRYPTSP.dll
0x00007ff9d2ff0000 - 0x00007ff9d3024000 	C:\WINDOWS\system32\rsaenh.dll
0x00007ff9d3e30000 - 0x00007ff9d3e5e000 	C:\WINDOWS\SYSTEM32\USERENV.dll
0x00007ff9d3930000 - 0x00007ff9d393c000 	C:\WINDOWS\SYSTEM32\CRYPTBASE.dll
0x00007ff9cd1f0000 - 0x00007ff9cd207000 	C:\WINDOWS\SYSTEM32\dhcpcsvc6.DLL
0x00007ff9cd1d0000 - 0x00007ff9cd1ed000 	C:\WINDOWS\SYSTEM32\dhcpcsvc.DLL
0x00007ff99afc0000 - 0x00007ff99afd7000 	C:\WINDOWS\system32\napinsp.dll
0x00007ff99afa0000 - 0x00007ff99afbb000 	C:\WINDOWS\system32\pnrpnsp.dll
0x00007ff99e630000 - 0x00007ff99e645000 	C:\WINDOWS\system32\wshbth.dll
0x00007ff9cf900000 - 0x00007ff9cf91d000 	C:\WINDOWS\system32\NLAapi.dll
0x00007ff99ac80000 - 0x00007ff99ac92000 	C:\WINDOWS\System32\winrnr.dll

dbghelp: loaded successfully - version: 4.0.5 - missing functions: none
symbol engine: initialized successfully - sym options: 0x614 - pdb path: .;C:\Java\jdk-11.0.11\bin;C:\WINDOWS\SYSTEM32;C:\WINDOWS\WinSxS\amd64_microsoft.windows.common-controls_6595b64144ccf1df_6.0.19041.1110_none_60b5254171f9507e;C:\Java\jdk-11.0.11\bin\server;C:\Users\onurb\AppData\Local\JetBrains\Toolbox\apps\IDEA-U\ch-0\212.5284.40\bin

VM Arguments:
jvm_args: -XX:TieredStopAtLevel=1 -Xverify:none -Dspring.output.ansi.enabled=always -javaagent:C:\Users\onurb\AppData\Local\JetBrains\Toolbox\apps\IDEA-U\ch-0\212.5284.40\lib\idea_rt.jar=53508:C:\Users\onurb\AppData\Local\JetBrains\Toolbox\apps\IDEA-U\ch-0\212.5284.40\bin -Dcom.sun.management.jmxremote -Dspring.jmx.enabled=true -Dspring.liveBeansView.mbeanDomain -Dspring.application.admin.enabled=true -Dfile.encoding=UTF-8 
java_command: com.milestone.project.ProjectApplication
java_class_path (initial): C:\Users\onurb\Desktop\project\target\classes;C:\Users\onurb\.m2\repository\org\springframework\boot\spring-boot-starter-data-jpa\2.5.5\spring-boot-starter-data-jpa-2.5.5.jar;C:\Users\onurb\.m2\repository\org\springframework\boot\spring-boot-starter-aop\2.5.5\spring-boot-starter-aop-2.5.5.jar;C:\Users\onurb\.m2\repository\org\springframework\spring-aop\5.3.10\spring-aop-5.3.10.jar;C:\Users\onurb\.m2\repository\org\aspectj\aspectjweaver\1.9.7\aspectjweaver-1.9.7.jar;C:\Users\onurb\.m2\repository\org\springframework\boot\spring-boot-starter-jdbc\2.5.5\spring-boot-starter-jdbc-2.5.5.jar;C:\Users\onurb\.m2\repository\com\zaxxer\HikariCP\4.0.3\HikariCP-4.0.3.jar;C:\Users\onurb\.m2\repository\org\springframework\spring-jdbc\5.3.10\spring-jdbc-5.3.10.jar;C:\Users\onurb\.m2\repository\jakarta\transaction\jakarta.transaction-api\1.3.3\jakarta.transaction-api-1.3.3.jar;C:\Users\onurb\.m2\repository\jakarta\persistence\jakarta.persistence-api\2.2.3\jakarta.persistence-api-2.2.3.jar;C:\Users\onurb\.m2\repository\org\hibernate\hibernate-core\5.4.32.Final\hibernate-core-5.4.32.Final.jar;C:\Users\onurb\.m2\repository\org\jboss\logging\jboss-logging\3.4.2.Final\jboss-logging-3.4.2.Final.jar;C:\Users\onurb\.m2\repository\org\javassist\javassist\3.27.0-GA\javassist-3.27.0-GA.jar;C:\Users\onurb\.m2\repository\net\bytebuddy\byte-buddy\1.10.22\byte-buddy-1.10.22.jar;C:\Users\onurb\.m2\repository\antlr\antlr\2.7.7\antlr-2.7.7.jar;C:\Users\onurb\.m2\repository\org\jboss\jandex\2.2.3.Final\jandex-2.2.3.Final.jar;C:\Users\onurb\.m2\repository\com\fasterxml\classmate\1.5.1\classmate-1.5.1.jar;C:\Users\onurb\.m2\repository\org\dom4j\dom4j\2.1.3\dom4j-2.1.3.jar;C:\Users\onurb\.m2\repository\org\hibernate\common\hibernate-commons-annotations\5.1.2.Final\hibernate-commons-annotations-5.1.2.Final.jar;C:\Users\onurb\.m2\repository\org\glassfish\jaxb\jaxb-runtime\2.3.5\jaxb-runtime-2.3.5.jar;C:\Users\onurb\.m2\repository\org\glassfish\jaxb\txw2\2.3.5\txw2-2.3.5.jar;C:\U
Launcher Type: SUN_STANDARD

[Global flags]
     bool BytecodeVerificationLocal                = false                                     {product} {command line}
     bool BytecodeVerificationRemote               = false                                     {product} {command line}
     intx CICompilerCount                          = 4                                         {product} {ergonomic}
     uint ConcGCThreads                            = 2                                         {product} {ergonomic}
     uint G1ConcRefinementThreads                  = 8                                         {product} {ergonomic}
   size_t G1HeapRegionSize                         = 2097152                                   {product} {ergonomic}
    uintx GCDrainStackTargetSize                   = 64                                        {product} {ergonomic}
   size_t InitialHeapSize                          = 534773760                                 {product} {ergonomic}
     bool ManagementServer                         = true                                      {product} {command line}
   size_t MarkStackSize                            = 4194304                                   {product} {ergonomic}
   size_t MaxHeapSize                              = 8556380160                                {product} {ergonomic}
   size_t MaxNewSize                               = 5133828096                                {product} {ergonomic}
   size_t MinHeapDeltaBytes                        = 2097152                                   {product} {ergonomic}
    uintx NonNMethodCodeHeapSize                   = 7549744                                {pd product} {ergonomic}
    uintx NonProfiledCodeHeapSize                  = 244108496                              {pd product} {ergonomic}
    uintx ProfiledCodeHeapSize                     = 0                                      {pd product} {ergonomic}
    uintx ReservedCodeCacheSize                    = 251658240                              {pd product} {ergonomic}
     bool SegmentedCodeCache                       = true                                      {product} {ergonomic}
     intx TieredStopAtLevel                        = 1                                         {product} {command line}
     bool UseCompressedClassPointers               = true                                 {lp64_product} {ergonomic}
     bool UseCompressedOops                        = true                                 {lp64_product} {ergonomic}
     bool UseG1GC                                  = true                                      {product} {ergonomic}
     bool UseLargePagesIndividualAllocation        = false                                  {pd product} {ergonomic}

Logging:
Log output configuration:
 #0: stdout all=warning uptime,level,tags
 #1: stderr all=off uptime,level,tags

Environment Variables:
PATH=C:\Program Files\Common Files\Oracle\Java\javapath;C:\Program Files (x86)\Intel\iCLS Client\;C:\Program Files\Intel\iCLS Client\;C:\Windows\system32;C:\Windows;C:\Windows\System32\Wbem;C:\Windows\System32\WindowsPowerShell\v1.0\;C:\Program Files (x86)\Intel\Intel(R) Management Engine Components\DAL;C:\Program Files\Intel\Intel(R) Management Engine Components\DAL;C:\Program Files (x86)\Intel\Intel(R) Management Engine Components\IPT;C:\Program Files\Intel\Intel(R) Management Engine Components\IPT;C:\Program Files\Intel\WiFi\bin\;C:\Program Files\Common Files\Intel\WirelessCommon\;C:\WINDOWS\system32;C:\WINDOWS;C:\WINDOWS\System32\Wbem;C:\WINDOWS\System32\WindowsPowerShell\v1.0\;C:\WINDOWS\System32\OpenSSH\;C:\Program Files\dotnet\;C:\Program Files\Microsoft SQL Server\130\Tools\Binn\;C:\Program Files\Microsoft SQL Server\Client SDK\ODBC\170\Tools\Binn\;C:\PHP 7.4.16;C:\ProgramData\ComposerSetup\bin;C:\Program Files\Git\cmd;C:\Program Files\nodejs\;C:\Program Files\NVIDIA Corporation\NVIDIA NvDLISR;C:\Program Files (x86)\NVIDIA Corporation\PhysX\Common;C:\Program Files\Docker\Docker\resources\bin;C:\ProgramData\DockerDesktop\version-bin;C:\Users\onurb\AppData\Local\Microsoft\WindowsApps;C:\Users\onurb\AppData\Local\GitHubDesktop\bin;C:\Users\onurb\AppData\Local\Programs\Microsoft VS Code\bin;C:\Users\onurb\.dotnet\tools;C:\Users\onurb\AppData\Roaming\Composer\vendor\bin;C:\Users\onurb\AppData\Roaming\npm;C:\Gradle\gradle-7.0.2\bin;C:\Maven\apache-maven-3.8.1\bin;C:\Program Files\heroku\bin
USERNAME=onurb
OS=Windows_NT
PROCESSOR_IDENTIFIER=Intel64 Family 6 Model 158 Stepping 9, GenuineIntel



---------------  S Y S T E M  ---------------

OS: Windows 10 , 64 bit Build 19041 (10.0.19041.1202)
Hyper-V role detected

CPU:total 8 (initial active 8) (4 cores per cpu, 2 threads per core) family 6 model 158 stepping 9 microcode 0xde, cmov, cx8, fxsr, mmx, sse, sse2, sse3, ssse3, sse4.1, sse4.2, popcnt, avx, avx2, aes, clmul, erms, 3dnowpref, lzcnt, ht, tsc, tscinvbit, bmi1, bmi2, adx, fma

Memory: 4k page, system-wide physical 32633M (19520M free)
TotalPageFile size 37497M (AvailPageFile size 19278M)
current process WorkingSet (physical memory assigned to process): 293M, peak: 293M
current process commit charge ("private bytes"): 687M, peak: 687M

vm_info: Java HotSpot(TM) 64-Bit Server VM (11.0.11+9-LTS-194) for windows-amd64 JRE (11.0.11+9-LTS-194), built on Mar 18 2021 18:46:53 by "mach5one" with MS VC++ 15.9 (VS2017)

END.
